Removed Pin From Net: NetName=GND Pin=R13_ch1-1
Removed Pin From Net: NetName=NetQ1_ch1_1 Pin=R13_ch1-2
Removed Pin From Net: NetName=GND Pin=R13_ch2-1
Removed Pin From Net: NetName=NetQ1_ch2_1 Pin=R13_ch2-2
Removed Pin From Net: NetName=GND Pin=R13_ch3-1
Removed Pin From Net: NetName=NetQ1_ch3_1 Pin=R13_ch3-2
Removed Pin From Net: NetName=GND Pin=R13_ch4-1
Removed Pin From Net: NetName=NetQ1_ch4_1 Pin=R13_ch4-2
Removed Pin From Net: NetName=GND Pin=R13_ch5-1
Removed Pin From Net: NetName=NetQ1_ch5_1 Pin=R13_ch5-2
Removed Pin From Net: NetName=GND Pin=R13_ch6-1
Removed Pin From Net: NetName=NetQ1_ch6_1 Pin=R13_ch6-2
Removed Pin From Net: NetName=+24v Pin=X3-1
Removed Pin From Net: NetName=+24v Pin=X3-2
Removed Pin From Net: NetName=+24v Pin=X4-9
Removed Pin From Net: NetName=+24v Pin=X4-10
Change Component Comment : Designator=R13_ch1 Old Comment=100K New Comment=10K
Change Component Comment : Designator=R13_ch2 Old Comment=100K New Comment=10K
Change Component Comment : Designator=R13_ch3 Old Comment=100K New Comment=10K
Change Component Comment : Designator=R13_ch4 Old Comment=100K New Comment=10K
Change Component Comment : Designator=R13_ch5 Old Comment=100K New Comment=10K
Change Component Comment : Designator=R13_ch6 Old Comment=100K New Comment=10K
Change component parameters: Designator = "R13_ch1" ("R13"); Footprint = "Resistor 0402"; UniqueID = "\ZEHSHGFD\IGGHEARI" ("\ZEHSHGFD\IGGHEARI")
Change component parameters (AddParameter): Name = "Package"; Value = "0402"; VariantName = "[No Variations]"
Change component parameters (AddParameter): Name = "Value"; Value = "10K"; VariantName = "[No Variations]"
Change component parameters: Designator = "R13_ch2" ("R13"); Footprint = "Resistor 0402"; UniqueID = "\SPXHXCVY\IGGHEARI" ("\SPXHXCVY\IGGHEARI")
Change component parameters (AddParameter): Name = "Package"; Value = "0402"; VariantName = "[No Variations]"
Change component parameters (AddParameter): Name = "Value"; Value = "10K"; VariantName = "[No Variations]"
Change component parameters: Designator = "R13_ch3" ("R13"); Footprint = "Resistor 0402"; UniqueID = "\ZPDDUSWC\IGGHEARI" ("\ZPDDUSWC\IGGHEARI")
Change component parameters (AddParameter): Name = "Package"; Value = "0402"; VariantName = "[No Variations]"
Change component parameters (AddParameter): Name = "Value"; Value = "10K"; VariantName = "[No Variations]"
Change component parameters: Designator = "R13_ch4" ("R13"); Footprint = "Resistor 0402"; UniqueID = "\SKNDOLQQ\IGGHEARI" ("\SKNDOLQQ\IGGHEARI")
Change component parameters (AddParameter): Name = "Package"; Value = "0402"; VariantName = "[No Variations]"
Change component parameters (AddParameter): Name = "Value"; Value = "10K"; VariantName = "[No Variations]"
Change component parameters: Designator = "R13_ch5" ("R13"); Footprint = "Resistor 0402"; UniqueID = "\LLXUXYEH\IGGHEARI" ("\LLXUXYEH\IGGHEARI")
Change component parameters (AddParameter): Name = "Package"; Value = "0402"; VariantName = "[No Variations]"
Change component parameters (AddParameter): Name = "Value"; Value = "10K"; VariantName = "[No Variations]"
Change component parameters: Designator = "R13_ch6" ("R13"); Footprint = "Resistor 0402"; UniqueID = "\PNRTKVRS\IGGHEARI" ("\PNRTKVRS\IGGHEARI")
Change component parameters (AddParameter): Name = "Package"; Value = "0402"; VariantName = "[No Variations]"
Change component parameters (AddParameter): Name = "Value"; Value = "10K"; VariantName = "[No Variations]"
Added Pin To Net: NetName=+24v Pin=R13_ch1-1
Added Pin To Net: NetName=NetR10_ch1_1 Pin=R13_ch1-2
Added Pin To Net: NetName=+24v Pin=R13_ch2-1
Added Pin To Net: NetName=NetR10_ch2_1 Pin=R13_ch2-2
Added Pin To Net: NetName=+24v Pin=R13_ch3-1
Added Pin To Net: NetName=NetR10_ch3_1 Pin=R13_ch3-2
Added Pin To Net: NetName=+24v Pin=R13_ch4-1
Added Pin To Net: NetName=NetR10_ch4_1 Pin=R13_ch4-2
Added Pin To Net: NetName=+24v Pin=R13_ch5-1
Added Pin To Net: NetName=NetR10_ch5_1 Pin=R13_ch5-2
Added Pin To Net: NetName=+24v Pin=R13_ch6-1
Added Pin To Net: NetName=NetR10_ch6_1 Pin=R13_ch6-2
Change Net Name : Old Net Name=+24v New Net Name=Vin_ch1
Change Net Name : Old Net Name=GND New Net Name=gnd_ch1
Added Pin To Net: NetName=NetX3_1 Pin=X3-1
Added Pin To Net: NetName=NetX3_1 Pin=X3-2
Added Pin To Net: NetName=NetX3_1 Pin=X4-9
Added Pin To Net: NetName=NetX3_1 Pin=X4-10
Added Net: Name=NetX3_1
