Change Component Comment : Designator=R5_ch1 Old Comment=1 New Comment=NC
Change Component Comment : Designator=R5_ch2 Old Comment=1 New Comment=NC
Change Component Comment : Designator=R5_ch3 Old Comment=1 New Comment=NC
Change Component Comment : Designator=R5_ch4 Old Comment=1 New Comment=NC
Change Component Comment : Designator=R5_ch5 Old Comment=1 New Comment=NC
Change Component Comment : Designator=R5_ch6 Old Comment=1 New Comment=NC
Change Component Comment : Designator=R6_ch1 Old Comment=1 New Comment=NC
Change Component Comment : Designator=R6_ch2 Old Comment=1 New Comment=NC
Change Component Comment : Designator=R6_ch3 Old Comment=1 New Comment=NC
Change Component Comment : Designator=R6_ch4 Old Comment=1 New Comment=NC
Change Component Comment : Designator=R6_ch5 Old Comment=1 New Comment=NC
Change Component Comment : Designator=R6_ch6 Old Comment=1 New Comment=NC
Change Component Comment : Designator=Q1_ch1 Old Comment=2N7002 New Comment= Value
Change Component Comment : Designator=Q1_ch2 Old Comment=2N7002 New Comment= Value
Change Component Comment : Designator=Q1_ch3 Old Comment=2N7002 New Comment= Value
Change Component Comment : Designator=Q1_ch4 Old Comment=2N7002 New Comment= Value
Change Component Comment : Designator=Q1_ch5 Old Comment=2N7002 New Comment= Value
Change Component Comment : Designator=Q1_ch6 Old Comment=2N7002 New Comment= Value
Change component parameters: Designator = "R5_ch1" ("R5"); Footprint = "Resistor 1206"; UniqueID = "\ZEHSHGFD\CWWLNLNB" ("\ZEHSHGFD\CWWLNLNB")
Change component parameters (AddParameter): Name = "Package"; Value = "1206"; VariantName = "[No Variations]"
Change component parameters (AddParameter): Name = "Value"; Value = "NC"; VariantName = "[No Variations]"
Change component parameters: Designator = "R5_ch2" ("R5"); Footprint = "Resistor 1206"; UniqueID = "\SPXHXCVY\CWWLNLNB" ("\SPXHXCVY\CWWLNLNB")
Change component parameters (AddParameter): Name = "Package"; Value = "1206"; VariantName = "[No Variations]"
Change component parameters (AddParameter): Name = "Value"; Value = "NC"; VariantName = "[No Variations]"
Change component parameters: Designator = "R5_ch3" ("R5"); Footprint = "Resistor 1206"; UniqueID = "\ZPDDUSWC\CWWLNLNB" ("\ZPDDUSWC\CWWLNLNB")
Change component parameters (AddParameter): Name = "Package"; Value = "1206"; VariantName = "[No Variations]"
Change component parameters (AddParameter): Name = "Value"; Value = "NC"; VariantName = "[No Variations]"
Change component parameters: Designator = "R5_ch4" ("R5"); Footprint = "Resistor 1206"; UniqueID = "\SKNDOLQQ\CWWLNLNB" ("\SKNDOLQQ\CWWLNLNB")
Change component parameters (AddParameter): Name = "Package"; Value = "1206"; VariantName = "[No Variations]"
Change component parameters (AddParameter): Name = "Value"; Value = "NC"; VariantName = "[No Variations]"
Change component parameters: Designator = "R5_ch5" ("R5"); Footprint = "Resistor 1206"; UniqueID = "\LLXUXYEH\CWWLNLNB" ("\LLXUXYEH\CWWLNLNB")
Change component parameters (AddParameter): Name = "Package"; Value = "1206"; VariantName = "[No Variations]"
Change component parameters (AddParameter): Name = "Value"; Value = "NC"; VariantName = "[No Variations]"
Change component parameters: Designator = "R5_ch6" ("R5"); Footprint = "Resistor 1206"; UniqueID = "\PNRTKVRS\CWWLNLNB" ("\PNRTKVRS\CWWLNLNB")
Change component parameters (AddParameter): Name = "Package"; Value = "1206"; VariantName = "[No Variations]"
Change component parameters (AddParameter): Name = "Value"; Value = "NC"; VariantName = "[No Variations]"
Change component parameters: Designator = "R6_ch1" ("R6"); Footprint = "Resistor 1206"; UniqueID = "\ZEHSHGFD\JSAGWEXM" ("\ZEHSHGFD\JSAGWEXM")
Change component parameters (AddParameter): Name = "Package"; Value = "1206"; VariantName = "[No Variations]"
Change component parameters (AddParameter): Name = "Value"; Value = "NC"; VariantName = "[No Variations]"
Change component parameters: Designator = "R6_ch2" ("R6"); Footprint = "Resistor 1206"; UniqueID = "\SPXHXCVY\JSAGWEXM" ("\SPXHXCVY\JSAGWEXM")
Change component parameters (AddParameter): Name = "Package"; Value = "1206"; VariantName = "[No Variations]"
Change component parameters (AddParameter): Name = "Value"; Value = "NC"; VariantName = "[No Variations]"
Change component parameters: Designator = "R6_ch3" ("R6"); Footprint = "Resistor 1206"; UniqueID = "\ZPDDUSWC\JSAGWEXM" ("\ZPDDUSWC\JSAGWEXM")
Change component parameters (AddParameter): Name = "Package"; Value = "1206"; VariantName = "[No Variations]"
Change component parameters (AddParameter): Name = "Value"; Value = "NC"; VariantName = "[No Variations]"
Change component parameters: Designator = "R6_ch4" ("R6"); Footprint = "Resistor 1206"; UniqueID = "\SKNDOLQQ\JSAGWEXM" ("\SKNDOLQQ\JSAGWEXM")
Change component parameters (AddParameter): Name = "Package"; Value = "1206"; VariantName = "[No Variations]"
Change component parameters (AddParameter): Name = "Value"; Value = "NC"; VariantName = "[No Variations]"
Change component parameters: Designator = "R6_ch5" ("R6"); Footprint = "Resistor 1206"; UniqueID = "\LLXUXYEH\JSAGWEXM" ("\LLXUXYEH\JSAGWEXM")
Change component parameters (AddParameter): Name = "Package"; Value = "1206"; VariantName = "[No Variations]"
Change component parameters (AddParameter): Name = "Value"; Value = "NC"; VariantName = "[No Variations]"
Change component parameters: Designator = "R6_ch6" ("R6"); Footprint = "Resistor 1206"; UniqueID = "\PNRTKVRS\JSAGWEXM" ("\PNRTKVRS\JSAGWEXM")
Change component parameters (AddParameter): Name = "Package"; Value = "1206"; VariantName = "[No Variations]"
Change component parameters (AddParameter): Name = "Value"; Value = "NC"; VariantName = "[No Variations]"
