Removed Pin From Net: NetName=CH1 Pin=R19-2
Removed Pin From Net: NetName=CH2 Pin=R26-2
Removed Pin From Net: NetName=CH3 Pin=R33-2
Removed Pin From Net: NetName=CH4 Pin=R36-2
Removed Pin From Net: NetName=CH5 Pin=R44-2
Removed Pin From Net: NetName=CH6 Pin=R51-2
Removed Pin From Net: NetName=NetD2_K Pin=U3-1
Removed Pin From Net: NetName=NetD4_K Pin=U3-8
Removed Pin From Net: NetName=CH1 Pin=VT1-2
Removed Pin From Net: NetName=CH2 Pin=VT2-2
Removed Pin From Net: NetName=CH3 Pin=VT3-2
Removed Pin From Net: NetName=CH4 Pin=VT4-2
Removed Pin From Net: NetName=CH5 Pin=VT5-2
Removed Pin From Net: NetName=CH6 Pin=VT6-2
Added Pin To Net: NetName=CH2 Pin=R19-2
Added Pin To Net: NetName=CH1 Pin=R26-2
Added Pin To Net: NetName=CH4 Pin=R33-2
Added Pin To Net: NetName=CH3 Pin=R36-2
Added Pin To Net: NetName=CH6 Pin=R44-2
Added Pin To Net: NetName=CH5 Pin=R51-2
Added Pin To Net: NetName=NetD4_K Pin=U3-1
Added Pin To Net: NetName=NetD2_K Pin=U3-8
Added Pin To Net: NetName=CH2 Pin=VT1-2
Added Pin To Net: NetName=CH1 Pin=VT2-2
Added Pin To Net: NetName=CH4 Pin=VT3-2
Added Pin To Net: NetName=CH3 Pin=VT4-2
Added Pin To Net: NetName=CH6 Pin=VT5-2
Added Pin To Net: NetName=CH5 Pin=VT6-2
