Removed Pin From Net: NetName=GND Pin=C1-1
Removed Pin From Net: NetName=GND Pin=C2-1
Removed Pin From Net: NetName=GND Pin=C3-1
Removed Pin From Net: NetName=GND Pin=C4-1
Removed Pin From Net: NetName=GND Pin=C5-2
Removed Pin From Net: NetName=GND Pin=C6-2
Removed Pin From Net: NetName=GND Pin=R1-1
Removed Pin From Net: NetName=GND Pin=R1-2
Removed Pin From Net: NetName=GND Pin=R2-1
Removed Pin From Net: NetName=GND Pin=R2-2
Removed Pin From Net: NetName=GND Pin=R4-1
Removed Pin From Net: NetName=GND Pin=R30-1
Removed Pin From Net: NetName=GND Pin=R30-2
Removed Pin From Net: NetName=GND Pin=R48-1
Removed Pin From Net: NetName=GND Pin=R48-2
Removed Pin From Net: NetName=GND Pin=R49-1
Removed Pin From Net: NetName=GND Pin=R53-2
Removed Pin From Net: NetName=GND Pin=R54-2
Removed Pin From Net: NetName=GND Pin=R57-1
Removed Pin From Net: NetName=GND Pin=R57-2
Removed Pin From Net: NetName=GND Pin=U1-1
Removed Pin From Net: NetName=GND Pin=U1-2
Removed Pin From Net: NetName=GND Pin=U1-14
Removed Pin From Net: NetName=GND Pin=U1-19
Removed Pin From Net: NetName=GND Pin=U1-20
Removed Pin From Net: NetName=GND Pin=U2-1
Removed Pin From Net: NetName=GND Pin=U2-2
Removed Pin From Net: NetName=GND Pin=U2-3
Removed Pin From Net: NetName=GND Pin=U2-13
Removed Pin From Net: NetName=GND Pin=U2-18
Removed Pin From Net: NetName=GND Pin=U2-19
Removed Pin From Net: NetName=GND Pin=U2-20
Removed Pin From Net: NetName=GND Pin=X1-1
Removed Pin From Net: NetName=GND Pin=X1-2
Removed Pin From Net: NetName=GND Pin=X1-5
Added Pin To Net: NetName=+3.3v Pin=C1-1
Added Pin To Net: NetName=+3.3v Pin=C2-1
Added Pin To Net: NetName=+3.3v Pin=C3-1
Added Pin To Net: NetName=+3.3v Pin=C4-1
Added Pin To Net: NetName=M1_NRST Pin=C5-2
Added Pin To Net: NetName=M2_NRST Pin=C6-2
Added Pin To Net: NetName=M2_NRST Pin=R1-1
Added Pin To Net: NetName=+3.3v Pin=R1-2
Added Pin To Net: NetName=M1_NRST Pin=R2-1
Added Pin To Net: NetName=+3.3v Pin=R2-2
Added Pin To Net: NetName=M2_BOOT Pin=R4-1
Added Pin To Net: NetName=M1_BOOT Pin=R6-1
Added Pin To Net: NetName=NetR29_1 Pin=R29-1
Added Pin To Net: NetName=M1_NRST Pin=R29-2
Added Pin To Net: NetName=NetR29_1 Pin=R30-1
Added Pin To Net: NetName=M2_NRST Pin=R30-2
Added Pin To Net: NetName=+5v Pin=R48-1
Added Pin To Net: NetName=ADC Pin=R48-2
Added Pin To Net: NetName=+12v Pin=R49-1
Added Pin To Net: NetName=ADC1 Pin=R49-2
Added Pin To Net: NetName=GND Pin=R53-1
Added Pin To Net: NetName=ADC Pin=R53-2
Added Pin To Net: NetName=ADC1 Pin=R54-2
Added Pin To Net: NetName=NetR56_1 Pin=R56-1
Added Pin To Net: NetName=M1_BOOT Pin=R56-2
Added Pin To Net: NetName=NetR56_1 Pin=R57-1
Added Pin To Net: NetName=M2_BOOT Pin=R57-2
Added Pin To Net: NetName=M1_BOOT Pin=U1-1
Added Pin To Net: NetName=M1_LED Pin=U1-2
Added Pin To Net: NetName=M1_A0 Pin=U1-3
Added Pin To Net: NetName=M1_NRST Pin=U1-4
Added Pin To Net: NetName=+3.3v Pin=U1-5
Added Pin To Net: NetName=ADC Pin=U1-6
Added Pin To Net: NetName=A1 Pin=U1-7
Added Pin To Net: NetName=A2 Pin=U1-8
Added Pin To Net: NetName=A3 Pin=U1-9
Added Pin To Net: NetName=A4 Pin=U1-10
Added Pin To Net: NetName=M1_LED1 Pin=U1-11
Added Pin To Net: NetName=CH1 Pin=U1-12
Added Pin To Net: NetName=CH2 Pin=U1-13
Added Pin To Net: NetName=CH3 Pin=U1-14
Added Pin To Net: NetName=GND Pin=U1-15
Added Pin To Net: NetName=+3.3v Pin=U1-16
Added Pin To Net: NetName=I2C_CLK Pin=U1-17
Added Pin To Net: NetName=I2C_DATA Pin=U1-18
Added Pin To Net: NetName=M1_SWDIO Pin=U1-19
Added Pin To Net: NetName=M1_SWCLK Pin=U1-20
Added Pin To Net: NetName=M2_BOOT Pin=U2-1
Added Pin To Net: NetName=M2_LED Pin=U2-2
Added Pin To Net: NetName=M2_A0 Pin=U2-3
Added Pin To Net: NetName=M2_NRST Pin=U2-4
Added Pin To Net: NetName=+3.3v Pin=U2-5
Added Pin To Net: NetName=ADC1 Pin=U2-6
Added Pin To Net: NetName=A1 Pin=U2-7
Added Pin To Net: NetName=A2 Pin=U2-8
Added Pin To Net: NetName=A3 Pin=U2-9
Added Pin To Net: NetName=A4 Pin=U2-10
Added Pin To Net: NetName=M2_LED1 Pin=U2-11
Added Pin To Net: NetName=CH4 Pin=U2-12
Added Pin To Net: NetName=CH5 Pin=U2-13
Added Pin To Net: NetName=CH6 Pin=U2-14
Added Pin To Net: NetName=GND Pin=U2-15
Added Pin To Net: NetName=+3.3v Pin=U2-16
Added Pin To Net: NetName=I2C_CLK Pin=U2-17
Added Pin To Net: NetName=I2C_DATA Pin=U2-18
Added Pin To Net: NetName=M2_SWDIO Pin=U2-19
Added Pin To Net: NetName=M2_SWCLK Pin=U2-20
Added Pin To Net: NetName=M1_NRST Pin=X1-1
Added Pin To Net: NetName=M1_SWDIO Pin=X1-2
Added Pin To Net: NetName=GND Pin=X1-3
Added Pin To Net: NetName=M1_SWCLK Pin=X1-4
Added Pin To Net: NetName=+3.3v Pin=X1-5
Added Pin To Net: NetName=M2_NRST Pin=X2-1
Added Pin To Net: NetName=M2_SWDIO Pin=X2-2
Added Pin To Net: NetName=M2_SWCLK Pin=X2-4
Added Pin To Net: NetName=+3.3v Pin=X2-5
Added Member To Class: ClassName=PWR_Switch_PCB Member=Component C1 0.1 uF
Added Member To Class: ClassName=PWR_Switch_PCB Member=Component C2 0.1 uF
Added Member To Class: ClassName=PWR_Switch_PCB Member=Component C3 0.1 uF
Added Member To Class: ClassName=PWR_Switch_PCB Member=Component C4 0.1 uF
Added Member To Class: ClassName=PWR_Switch_PCB Member=Component C5 0.1 uF
Added Member To Class: ClassName=PWR_Switch_PCB Member=Component C6 0.1 uF
Added Member To Class: ClassName=PWR_Switch_PCB Member=Component R1 10K
Added Member To Class: ClassName=PWR_Switch_PCB Member=Component R2 10K
Added Member To Class: ClassName=PWR_Switch_PCB Member=Component R4 10K
Added Member To Class: ClassName=PWR_Switch_PCB Member=Component R6 10K
Added Member To Class: ClassName=PWR_Switch_PCB Member=Component R29 NC
Added Member To Class: ClassName=PWR_Switch_PCB Member=Component R30 NC
Added Member To Class: ClassName=PWR_Switch_PCB Member=Component R48 10K
Added Member To Class: ClassName=PWR_Switch_PCB Member=Component R49 10K
Added Member To Class: ClassName=PWR_Switch_PCB Member=Component R53 10K
Added Member To Class: ClassName=PWR_Switch_PCB Member=Component R54 3K
Added Member To Class: ClassName=PWR_Switch_PCB Member=Component R56 NC
Added Member To Class: ClassName=PWR_Switch_PCB Member=Component R57 NC
Added Member To Class: ClassName=PWR_Switch_PCB Member=Component U1 STM32F030F4P6
Added Member To Class: ClassName=PWR_Switch_PCB Member=Component U2 STM32F030F4P6
Added Member To Class: ClassName=PWR_Switch_PCB Member=Component X1
Added Member To Class: ClassName=PWR_Switch_PCB Member=Component X2
