Removed Pin From Net: NetName=GND Pin=DG1-1
Removed Pin From Net: NetName=+24v Pin=DG1-2
Removed Pin From Net: NetName=GND Pin=DG2-1
Removed Pin From Net: NetName=GND Pin=DG2-2
Removed Pin From Net: NetName=OUT6 Pin=DG2-3
Removed Pin From Net: NetName=PWR Pin=DG2-4
Removed Pin From Net: NetName=OUT5 Pin=DG2-5
Removed Pin From Net: NetName=PWR Pin=DG2-6
Removed Pin From Net: NetName=OUT4 Pin=DG2-7
Removed Pin From Net: NetName=PWR Pin=DG2-8
Removed Pin From Net: NetName=OUT3 Pin=DG2-9
Removed Pin From Net: NetName=PWR Pin=DG2-10
Removed Pin From Net: NetName=OUT2 Pin=DG2-11
Removed Pin From Net: NetName=PWR Pin=DG2-12
Removed Pin From Net: NetName=OUT1 Pin=DG2-13
Removed Pin From Net: NetName=PWR Pin=DG2-14
Removed Pin From Net: NetName=PWR Pin=DG2-15
Removed Pin From Net: NetName=PWR Pin=DG2-16
Added Pin To Net: NetName=+24v Pin=DG1-1
Added Pin To Net: NetName=GND Pin=DG1-2
Added Pin To Net: NetName=PWR Pin=DG2-1
Added Pin To Net: NetName=PWR Pin=DG2-2
Added Pin To Net: NetName=PWR Pin=DG2-3
Added Pin To Net: NetName=OUT1 Pin=DG2-4
Added Pin To Net: NetName=PWR Pin=DG2-5
Added Pin To Net: NetName=OUT2 Pin=DG2-6
Added Pin To Net: NetName=PWR Pin=DG2-7
Added Pin To Net: NetName=OUT3 Pin=DG2-8
Added Pin To Net: NetName=PWR Pin=DG2-9
Added Pin To Net: NetName=OUT4 Pin=DG2-10
Added Pin To Net: NetName=PWR Pin=DG2-11
Added Pin To Net: NetName=OUT5 Pin=DG2-12
Added Pin To Net: NetName=PWR Pin=DG2-13
Added Pin To Net: NetName=OUT6 Pin=DG2-14
Added Pin To Net: NetName=GND Pin=DG2-15
Added Pin To Net: NetName=GND Pin=DG2-16
Added Member To Class: ClassName=PWR_Switch_PCB Member=Component U1 STM32F030F4P6
Added Member To Class: ClassName=PWR_Switch_PCB Member=Component X2
